2024/10/13 17:56:35 [notice] 7#7: using the "epoll" event method
2024/10/13 17:56:35 [notice] 7#7: nginx/1.27.2
2024/10/13 17:56:35 [notice] 7#7: built by gcc 12.2.0 (Debian 12.2.0-14) 
2024/10/13 17:56:35 [notice] 7#7: OS: Linux 6.10.4-linuxkit
2024/10/13 17:56:35 [notice] 7#7: getrlimit(RLIMIT_NOFILE): 1048576:1048576
2024/10/13 17:56:35 [notice] 7#7: start worker processes
2024/10/13 17:56:35 [notice] 7#7: start worker process 8
2024/10/13 17:56:35 [notice] 7#7: start worker process 9
2024/10/13 17:56:35 [notice] 7#7: start worker process 10
2024/10/13 17:56:35 [notice] 7#7: start worker process 11
2024/10/13 17:56:35 [notice] 7#7: start worker process 12
2024/10/13 17:56:35 [notice] 7#7: start worker process 13
2024/10/13 17:56:35 [notice] 7#7: start worker process 14
2024/10/13 17:56:35 [notice] 7#7: start worker process 15
2024/10/13 17:56:35 [notice] 7#7: start worker process 16
2024/10/13 17:56:35 [notice] 7#7: start worker process 17
2024/10/13 17:56:35 [notice] 7#7: start worker process 18
2024/10/13 17:56:35 [notice] 7#7: start worker process 19
2024/10/13 17:56:35 [notice] 7#7: start worker process 20
2024/10/13 17:56:35 [notice] 7#7: start worker process 21
2024/10/13 18:27:40 [notice] 7#7: signal 15 (SIGTERM) received from 1, exiting
2024/10/13 18:27:40 [notice] 8#8: exiting
2024/10/13 18:27:40 [notice] 18#18: exiting
2024/10/13 18:27:40 [notice] 9#9: exiting
2024/10/13 18:27:40 [notice] 10#10: exiting
2024/10/13 18:27:40 [notice] 11#11: exiting
2024/10/13 18:27:40 [notice] 19#19: exiting
2024/10/13 18:27:40 [notice] 17#17: exiting
2024/10/13 18:27:40 [notice] 12#12: exiting
2024/10/13 18:27:40 [notice] 14#14: exiting
2024/10/13 18:27:40 [notice] 15#15: exiting
2024/10/13 18:27:40 [notice] 13#13: exiting
2024/10/13 18:27:40 [notice] 20#20: exiting
2024/10/13 18:27:40 [notice] 21#21: exiting
2024/10/13 18:27:40 [notice] 20#20: exit
2024/10/13 18:27:40 [notice] 16#16: exiting
2024/10/13 18:27:40 [notice] 8#8: exit
2024/10/13 18:27:40 [notice] 16#16: exit
2024/10/13 18:27:40 [notice] 18#18: exit
2024/10/13 18:27:40 [notice] 9#9: exit
2024/10/13 18:27:40 [notice] 10#10: exit
2024/10/13 18:27:40 [notice] 11#11: exit
2024/10/13 18:27:40 [notice] 19#19: exit
2024/10/13 18:27:40 [notice] 17#17: exit
2024/10/13 18:27:40 [notice] 12#12: exit
2024/10/13 18:27:40 [notice] 14#14: exit
2024/10/13 18:27:40 [notice] 15#15: exit
2024/10/13 18:27:40 [notice] 13#13: exit
2024/10/13 18:27:40 [notice] 21#21: exit
2024/10/13 18:27:40 [notice] 7#7: signal 17 (SIGCHLD) received from 16
2024/10/13 18:27:40 [notice] 7#7: worker process 8 exited with code 0
2024/10/13 18:27:40 [notice] 7#7: worker process 16 exited with code 0
2024/10/13 18:27:40 [notice] 7#7: worker process 20 exited with code 0
2024/10/13 18:27:40 [notice] 7#7: signal 29 (SIGIO) received
2024/10/13 18:27:40 [notice] 7#7: signal 17 (SIGCHLD) received from 20
2024/10/13 18:27:40 [notice] 7#7: signal 17 (SIGCHLD) received from 9
2024/10/13 18:27:40 [notice] 7#7: worker process 9 exited with code 0
2024/10/13 18:27:40 [notice] 7#7: worker process 10 exited with code 0
2024/10/13 18:27:40 [notice] 7#7: worker process 11 exited with code 0
2024/10/13 18:27:40 [notice] 7#7: worker process 12 exited with code 0
2024/10/13 18:27:40 [notice] 7#7: worker process 14 exited with code 0
2024/10/13 18:27:40 [notice] 7#7: worker process 15 exited with code 0
2024/10/13 18:27:40 [notice] 7#7: worker process 17 exited with code 0
2024/10/13 18:27:40 [notice] 7#7: worker process 18 exited with code 0
2024/10/13 18:27:40 [notice] 7#7: worker process 19 exited with code 0
2024/10/13 18:27:40 [notice] 7#7: signal 29 (SIGIO) received
2024/10/13 18:27:40 [notice] 7#7: signal 17 (SIGCHLD) received from 12
2024/10/13 18:27:40 [notice] 7#7: signal 17 (SIGCHLD) received from 13
2024/10/13 18:27:40 [notice] 7#7: worker process 13 exited with code 0
2024/10/13 18:27:40 [notice] 7#7: signal 29 (SIGIO) received
2024/10/13 18:27:40 [notice] 7#7: signal 17 (SIGCHLD) received from 21
2024/10/13 18:27:40 [notice] 7#7: worker process 21 exited with code 0
2024/10/13 18:27:40 [notice] 7#7: exit
